[    0.000000] Initializing cgroup subsys cpuset
[    0.000000] Initializing cgroup subsys cpu
[    0.000000] Initializing cgroup subsys cpuacct
[    0.000000] Linux version 4.4.0-138-generic (buildd@lcy01-amd64-006) (gcc version 5.4.0 20160609 (Ubuntu 5.4.0-6ubuntu1~16.04.10) ) #164-Ubuntu SMP Tue Oct 2 17:16:02 UTC 2018 (Ubuntu 4.4.0-138.164-generic 4.4.155)
[    0.000000] Command line: BOOT_IMAGE=/boot/vmlinuz-4.4.0-138-generic root=LABEL=cloudimg-rootfs ro console=tty1 console=ttyS0
[    0.000000] KERNEL supported cpus:
[    0.000000]   Intel GenuineIntel
[    0.000000]   AMD AuthenticAMD
[    0.000000]   Centaur CentaurHauls
[    0.000000] x86/fpu: Legacy x87 FPU detected.
[    0.000000] e820: BIOS-provided physical RAM map:
[    0.000000] BIOS-e820: [mem 0x0000000000000000-0x000000000009fbff] usable
[    0.000000] BIOS-e820: [mem 0x000000000009fc00-0x000000000009ffff] reserved
[    0.000000] BIOS-e820: [mem 0x00000000000f0000-0x00000000000fffff] reserved
[    0.000000] BIOS-e820: [mem 0x0000000000100000-0x000000003ffeffff] usable
[    0.000000] BIOS-e820: [mem 0x000000003fff0000-0x000000003fffffff] ACPI data
[    0.000000] BIOS-e820: [mem 0x00000000fffc0000-0x00000000ffffffff] reserved
[    0.000000] NX (Execute Disable) protection: active
[    0.000000] SMBIOS 2.5 present.
[    0.000000] e820: last_pfn = 0x3fff0 max_arch_pfn = 0x400000000
[    0.000000] MTRR: Disabled
[    0.000000] x86/PAT: MTRRs disabled, skipping PAT initialization too.
[    0.000000] CPU MTRRs all blank - virtualized system.
[    0.000000] x86/PAT: Configuration [0-7]: WB  WT  UC- UC  WB  WT  UC- UC  
[    0.000000] found SMP MP-table at [mem 0x0009fff0-0x0009ffff] mapped at [ffff88000009fff0]
[    0.000000] Scanning 1 areas for low memory corruption
[    0.000000] RAMDISK: [mem 0x3630a000-0x3717cfff]
[    0.000000] ACPI: Early table checksum verification disabled
[    0.000000] ACPI: RSDP 0x00000000000E0000 000024 (v02 VBOX  )
[    0.000000] ACPI: XSDT 0x000000003FFF0030 00003C (v01 VBOX   VBOXXSDT 00000001 ASL  00000061)
[    0.000000] ACPI: FACP 0x000000003FFF00F0 0000F4 (v04 VBOX   VBOXFACP 00000001 ASL  00000061)
[    0.000000] ACPI: DSDT 0x000000003FFF0470 001BF1 (v01 VBOX   VBOXBIOS 00000002 INTL 20140214)
[    0.000000] ACPI: FACS 0x000000003FFF0200 000040
[    0.000000] ACPI: FACS 0x000000003FFF0200 000040
[    0.000000] ACPI: APIC 0x000000003FFF0240 00005C (v02 VBOX   VBOXAPIC 00000001 ASL  00000061)
[    0.000000] ACPI: SSDT 0x000000003FFF02A0 0001CC (v01 VBOX   VBOXCPUT 00000002 INTL 20140214)
[    0.000000] No NUMA configuration found
[    0.000000] Faking a node at [mem 0x0000000000000000-0x000000003ffeffff]
[    0.000000] NODE_DATA(0) allocated [mem 0x3ffeb000-0x3ffeffff]
[    0.000000] Zone ranges:
[    0.000000]   DMA      [mem 0x0000000000001000-0x0000000000ffffff]
[    0.000000]   DMA32    [mem 0x0000000001000000-0x000000003ffeffff]
[    0.000000]   Normal   empty
[    0.000000]   Device   empty
[    0.000000] Movable zone start for each node
[    0.000000] Early memory node ranges
[    0.000000]   node   0: [mem 0x0000000000001000-0x000000000009efff]
[    0.000000]   node   0: [mem 0x0000000000100000-0x000000003ffeffff]
[    0.000000] Initmem setup node 0 [mem 0x0000000000001000-0x000000003ffeffff]
[    0.000000] ACPI: PM-Timer IO Port: 0x4008
[    0.000000] IOAPIC[0]: apic_id 2, version 17, address 0xfec00000, GSI 0-23
[    0.000000] ACPI: INT_SRC_OVR (bus 0 bus_irq 0 global_irq 2 dfl dfl)
[    0.000000] ACPI: INT_SRC_OVR (bus 0 bus_irq 9 global_irq 9 high level)
[    0.000000] Using ACPI (MADT) for SMP configuration information
[    0.000000] smpboot: Allowing 2 CPUs, 0 hotplug CPUs
[    0.000000] PM: Registered nosave memory: [mem 0x00000000-0x00000fff]
[    0.000000] PM: Registered nosave memory: [mem 0x0009f000-0x0009ffff]
[    0.000000] PM: Registered nosave memory: [mem 0x000a0000-0x000effff]
[    0.000000] PM: Registered nosave memory: [mem 0x000f0000-0x000fffff]
[    0.000000] e820: [mem 0x40000000-0xfffbffff] available for PCI devices
[    0.000000] Booting paravirtualized kernel on bare hardware
[    0.000000] clocksource: refined-jiffies: mask: 0xffffffff max_cycles: 0xffffffff, max_idle_ns: 7645519600211568 ns
[    0.000000] setup_percpu: NR_CPUS:512 nr_cpumask_bits:512 nr_cpu_ids:2 nr_node_ids:1
[    0.000000] PERCPU: Embedded 34 pages/cpu @ffff88003fc00000 s99608 r8192 d31464 u1048576
[    0.000000] Built 1 zonelists in Node order, mobility grouping on.  Total pages: 257912
[    0.000000] Policy zone: DMA32
[    0.000000] Kernel command line: BOOT_IMAGE=/boot/vmlinuz-4.4.0-138-generic root=LABEL=cloudimg-rootfs ro console=tty1 console=ttyS0
[    0.000000] PID hash table entries: 4096 (order: 3, 32768 bytes)
[    0.000000] Memory: 997744K/1048120K available (8563K kernel code, 1314K rwdata, 4004K rodata, 1528K init, 1316K bss, 50376K reserved, 0K cma-reserved)
[    0.000000] SLUB: HWalign=64, Order=0-3, MinObjects=0, CPUs=2, Nodes=1
[    0.000000] Kernel/User page tables isolation: enabled
[    0.000000] Hierarchical RCU implementation.
[    0.000000] 	Build-time adjustment of leaf fanout to 64.
[    0.000000] 	RCU restricting CPUs from NR_CPUS=512 to nr_cpu_ids=2.
[    0.000000] RCU: Adjusting geometry for rcu_fanout_leaf=64, nr_cpu_ids=2
[    0.000000] NR_IRQS:33024 nr_irqs:440 16
[    0.000000] Console: colour VGA+ 80x25
[    0.000000] console [tty1] enabled
[    0.000000] console [ttyS0] enabled
[    0.000000] tsc: PIT calibration matches PMTIMER. 1 loops
[    0.000000] tsc: Detected 2693.828 MHz processor
[    0.008030] Calibrating delay loop (skipped), value calculated using timer frequency.. 5387.65 BogoMIPS (lpj=10775312)
[    0.012774] pid_max: default: 32768 minimum: 301
[    0.013897] ACPI: Core revision 20150930
[    0.015639] ACPI: 2 ACPI AML tables successfully acquired and loaded
[    0.017198] Security Framework initialized
[    0.018192] Yama: becoming mindful.
[    0.020040] AppArmor: AppArmor initialized
[    0.021120] Dentry cache hash table entries: 131072 (order: 8, 1048576 bytes)
[    0.024030] Inode-cache hash table entries: 65536 (order: 7, 524288 bytes)
[    0.028123] Mount-cache hash table entries: 2048 (order: 2, 16384 bytes)
[    0.029591] Mountpoint-cache hash table entries: 2048 (order: 2, 16384 bytes)
[    0.032224] Initializing cgroup subsys io
[    0.036020] Initializing cgroup subsys memory
[    0.037069] Initializing cgroup subsys devices
[    0.038123] Initializing cgroup subsys freezer
[    0.040016] Initializing cgroup subsys net_cls
[    0.041079] Initializing cgroup subsys perf_event
[    0.042197] Initializing cgroup subsys net_prio
[    0.043272] Initializing cgroup subsys hugetlb
[    0.044015] Initializing cgroup subsys pids
[    0.045233] mce: CPU supports 0 MCE banks
[    0.046267] Last level iTLB entries: 4KB 512, 2MB 8, 4MB 8
[    0.048013] Last level dTLB entries: 4KB 512, 2MB 32, 4MB 32, 1GB 0
[    0.049571] Spectre V2 : Mitigation: Full generic retpoline
[    0.050821] Spectre V2 : Spectre v2 mitigation: Speculation control IBPB not-supported IBRS not-supported
[    0.052013] Spectre V2 : Spectre v2 / SpectreRSB mitigation: Filling RSB on context switch
[    0.054239] Speculative Store Bypass: Vulnerable
[    0.060237] Freeing SMP alternatives memory: 32K
[    0.076950] ftrace: allocating 32278 entries in 127 pages
[    0.100132] smpboot: APIC(0) Converting physical 0 to logical package 0
[    0.104016] smpboot: Max logical packages: 1
[    0.106358] ..TIMER: vector=0x30 apic1=0 pin1=2 apic2=-1 pin2=-1
[    0.152000] smpboot: CPU0: Intel(R) Core(TM) i7-3740QM CPU @ 2.70GHz (family: 0x6, model: 0x3a, stepping: 0x9)
[    0.156039] Performance Events: unsupported p6 CPU model 58 no PMU driver, software events only.
[    0.162003] NMI watchdog: disabled (cpu0): hardware events not enabled
[    0.164008] NMI watchdog: Shutting down hard lockup detector on all cpus
[    0.165333] x86: Booting SMP configuration:
[    0.168009] .... node  #0, CPUs:      #1
[    0.012000] mce: CPU supports 0 MCE banks
[    0.186652] x86: Booted up 1 node, 2 CPUs
[    0.188016] smpboot: Total of 2 processors activated (10775.31 BogoMIPS)
[    0.192598] devtmpfs: initialized
[    0.198324] evm: security.selinux
[    0.200014] evm: security.SMACK64
[    0.204010] evm: security.SMACK64EXEC
[    0.208011] evm: security.SMACK64TRANSMUTE
[    0.212012] evm: security.SMACK64MMAP
[    0.216011] evm: security.ima
[    0.220011] evm: security.capability
[    0.224164] clocksource: jiffies: mask: 0xffffffff max_cycles: 0xffffffff, max_idle_ns: 7645041785100000 ns
[    0.225935] futex hash table entries: 512 (order: 3, 32768 bytes)
[    0.227138] pinctrl core: initialized pinctrl subsystem
[    0.228150] RTC time: 22:41:30, date: 11/11/18
[    0.229279] NET: Registered protocol family 16
[    0.240020] cpuidle: using governor ladder
[    0.256022] cpuidle: using governor menu
[    0.260043] PCCT header not found.
[    0.260970] ACPI: bus type PCI registered
[    0.261936] acpiphp: ACPI Hot Plug PCI Controller Driver version: 0.5
[    0.263452] PCI: Using configuration type 1 for base access
[    0.276261] ACPI: Added _OSI(Module Device)
[    0.288059] ACPI: Added _OSI(Processor Device)
[    0.289419] ACPI: Added _OSI(3.0 _SCP Extensions)
[    0.290644] ACPI: Added _OSI(Processor Aggregator Device)
[    0.294072] ACPI: Executed 1 blocks of module-level executable AML code
[    0.298253] ACPI: Interpreter enabled
[    0.344030] ACPI: (supports S0 S5)
[    0.345836] ACPI: Using IOAPIC for interrupt routing
[    0.346996] PCI: Using host bridge windows from ACPI; if necessary, use "pci=nocrs" and report a bug
[    0.350205] ACPI: PCI Root Bridge [PCI0] (domain 0000 [bus 00-ff])
[    0.364024] acpi PNP0A03:00: _OSC: OS supports [ASPM ClockPM Segments MSI]
[    0.376022] acpi PNP0A03:00: _OSC failed (AE_NOT_FOUND); disabling ASPM
[    0.396029] acpi PNP0A03:00: fail to add MMCONFIG information, can't access extended PCI configuration space under this bridge.
[    0.401196] PCI host bridge to bus 0000:00
[    0.416017] pci_bus 0000:00: root bus resource [io  0x0000-0x0cf7 window]
[    0.420016] pci_bus 0000:00: root bus resource [io  0x0d00-0xffff window]
[    0.420016] pci_bus 0000:00: root bus resource [mem 0x000a0000-0x000bffff window]
[    0.421512] pci_bus 0000:00: root bus resource [mem 0x40000000-0xffdfffff window]
[    0.422809] pci_bus 0000:00: root bus resource [bus 00-ff]
[    0.427808] pci 0000:00:01.1: legacy IDE quirk: reg 0x10: [io  0x01f0-0x01f7]
[    0.452015] pci 0000:00:01.1: legacy IDE quirk: reg 0x14: [io  0x03f6]
[    0.452015] pci 0000:00:01.1: legacy IDE quirk: reg 0x18: [io  0x0170-0x0177]
[    0.454312] pci 0000:00:01.1: legacy IDE quirk: reg 0x1c: [io  0x0376]
[    0.475445] ACPI: PCI Interrupt Link [LNKA] (IRQs 5 9 10 11) *0, disabled.
[    0.492555] ACPI: PCI Interrupt Link [LNKB] (IRQs 5 9 10 *11)
[    0.512416] ACPI: PCI Interrupt Link [LNKC] (IRQs 5 9 *10 11)
[    0.534030] ACPI: PCI Interrupt Link [LNKD] (IRQs 5 *9 10 11)
[    0.537954] ACPI: Enabled 2 GPEs in block 00 to 07
[    0.540062] vgaarb: setting as boot device: PCI:0000:00:02.0
[    0.541084] vgaarb: device added: PCI:0000:00:02.0,decodes=io+mem,owns=io+mem,locks=none
[    0.544012] vgaarb: loaded
[    0.544652] vgaarb: bridge control possible 0000:00:02.0
[    0.544652] SCSI subsystem initialized
[    0.548008] ACPI: bus type USB registered
[    0.548008] usbcore: registered new interface driver usbfs
[    0.649469] usbcore: registered new interface driver hub
[    0.664090] usbcore: registered new device driver usb
[    0.692251] PCI: Using ACPI for IRQ routing
[    0.708970] NetLabel: Initializing
[    0.716016] NetLabel:  domain hash size = 128
[    0.717932] NetLabel:  protocols = UNLABELED CIPSOv4
[    0.720026] NetLabel:  unlabeled traffic allowed by default
[    0.721119] amd_nb: Cannot enumerate AMD northbridges
[    0.724009] clocksource: Switched to clocksource refined-jiffies
[    0.732011] AppArmor: AppArmor Filesystem Enabled
[    0.740080] pnp: PnP ACPI init
[    0.741425] pnp: PnP ACPI: found 4 devices
[    0.751532] clocksource: acpi_pm: mask: 0xffffff max_cycles: 0xffffff, max_idle_ns: 2085701024 ns
[    0.772069] clocksource: Switched to clocksource acpi_pm
[    0.774970] NET: Registered protocol family 2
[    0.777051] TCP established hash table entries: 8192 (order: 4, 65536 bytes)
[    0.779248] TCP bind hash table entries: 8192 (order: 5, 131072 bytes)
[    0.782556] TCP: Hash tables configured (established 8192 bind 8192)
[    0.790039] UDP hash table entries: 512 (order: 2, 16384 bytes)
[    0.791089] UDP-Lite hash table entries: 512 (order: 2, 16384 bytes)
[    0.792323] NET: Registered protocol family 1
[    0.794258] pci 0000:00:00.0: Limiting direct PCI/PCI transfers
[    0.797217] pci 0000:00:01.0: Activating ISA DMA hang workarounds
[    0.798483] Unpacking initramfs...
[    0.975065] Freeing initrd memory: 14796K
[    0.985517] RAPL PMU detected, API unit is 2^-32 Joules, 3 fixed counters 10737418240 ms ovfl timer
[    0.987214] hw unit of domain pp0-core 2^-0 Joules
[    0.988001] hw unit of domain package 2^-0 Joules
[    0.991068] hw unit of domain pp1-gpu 2^-0 Joules
[    1.004660] platform rtc_cmos: registered platform RTC device (no PNP device found)
[    1.007261] Scanning for low memory corruption every 60 seconds
[    1.015066] audit: initializing netlink subsys (disabled)
[    1.033133] audit: type=2000 audit(1541976090.031:1): initialized
[    1.035622] Initialise system trusted keyring
[    1.037094] HugeTLB registered 2 MB page size, pre-allocated 0 pages
[    1.040897] zbud: loaded
[    1.043090] VFS: Disk quotas dquot_6.6.0
[   0456VF Dotace hah talenties:51(oer, 96yt)
[    .004177] tsc: Refined SCloksource calibration: 2693.964 MHz
[    2.004182] clocksource: tsc: mask: 0xffffffffffffffff max_cycles: 0x26d4f88ff9a, max_idle_ns: 440795296699 ns
[    3.216834] clocksource: Switched to clocksource tsc
[    3.217250] squashfs: version 4.0 (2009/01/31) Phillip Lougher
[    3.217574] fuse init (API version 7.23)
[    3.217719] Key type big_key registered
[    3.217737] Allocating IMA MOK and blacklist keyrings.
[    3.218582] Key type asymmetric registered
[    3.218590] Asymmetric key parser 'x509' registered
[    3.218629] Block layer SCSI generic (bsg) driver version 0.4 loaded (major 249)
[    3.218721] io scheduler noop registered
[    3.218725] io scheduler deadline registered (default)
[    3.218761] io scheduler cfq registered
[    3.218865] pci_hotplug: PCI Hot Plug PCI Core version: 0.5
[    3.218874] pciehp: PCI Express Hot Plug Controller Driver version: 0.4
[    3.219024] ACPI: AC Adapter [AC] (on-line)
[    3.219080] input: Power Button as /devices/LNXSYSTM:00/LNXPWRBN:00/input/input0
[    3.219084] ACPI: Power Button [PWRF]
[    3.219153] input: Sleep Button as /devices/LNXSYSTM:00/LNXSLPBN:00/input/input1
[    3.219157] ACPI: Sleep Button [SLPF]
[    3.219342] GHES: HEST is not enabled!
[    3.220001] ACPI: Battery Slot [BAT0] (battery present)
[    3.220114] Serial: 8250/16550 driver, 32 ports, IRQ sharing enabled
[    3.252071] 00:03: ttyS0 at I/O 0x3f8 (irq = 4, base_baud = 115200) is a 16550A
[    3.286702] Linux agpgart interface v0.103
[    3.298286] loop: module loaded
[    3.298908] scsi host0: ata_piix
[    3.299025] scsi host1: ata_piix
[    3.299062] ata1: PATA max UDMA/33 cmd 0x1f0 ctl 0x3f6 bmdma 0xd000 irq 14
[    3.299065] ata2: PATA max UDMA/33 cmd 0x170 ctl 0x376 bmdma 0xd008 irq 15
[    3.299144] libphy: Fixed MDIO Bus: probed
[    3.299148] tun: Universal TUN/TAP device driver, 1.6
[    3.299150] tun: (C) 1999-2004 Max Krasnyansky <maxk@qualcomm.com>
[    3.299508] PPP generic driver version 2.4.2
[    3.299584] ehci_hcd: USB 2.0 'Enhanced' Host Controller (EHCI) Driver
[    3.299590] ehci-pci: EHCI PCI platform driver
[    3.299605] ehci-platform: EHCI generic platform driver
[    3.299615] ohci_hcd: USB 1.1 'Open' Host Controller (OHCI) Driver
[    3.299620] ohci-pci: OHCI PCI platform driver
[    3.299630] ohci-platform: OHCI generic platform driver
[    3.299639] uhci_hcd: USB Universal Host Controller Interface driver
[    3.299699] i8042: PNP: PS/2 Controller [PNP0303:PS2K,PNP0f03:PS2M] at 0x60,0x64 irq 1,12
[    3.300608] serio: i8042 KBD port at 0x60,0x64 irq 1
[    3.300617] serio: i8042 AUX port at 0x60,0x64 irq 12
[    3.300750] mousedev: PS/2 mouse device common for all mice
[    3.301219] input: AT Translated Set 2 keyboard as /devices/platform/i8042/serio0/input/input2
[    3.301679] rtc_cmos rtc_cmos: rtc core: registered rtc_cmos as rtc0
[    3.301749] rtc_cmos rtc_cmos: alarms up to one day, 114 bytes nvram
[    3.301758] i2c /dev entries driver
[    3.301817] device-mapper: uevent: version 1.0.3
[    3.301883] device-mapper: ioctl: 4.34.0-ioctl (2015-10-28) initialised: dm-devel@redhat.com
[    3.301904] ledtrig-cpu: registered to indicate activity on CPUs
[    3.302271] NET: Registered protocol family 10
[    3.302462] NET: Registered protocol family 17
[    3.302476] Key type dns_resolver registered
[    3.302640] microcode: CPU0 sig=0x306a9, pf=0x2, revision=0x19
[    3.302867] microcode: CPU1 sig=0x306a9, pf=0x2, revision=0x19
[    3.302908] microcode: Microcode Update Driver: v2.01 <tigran@aivazian.fsnet.co.uk>, Peter Oruba
[    3.303085] registered taskstats version 1
[    3.303099] Loading compiled-in X.509 certificates
[    3.303746] Loaded X.509 cert 'Build time autogenerated kernel key: 9a104bc44b81e9426fe5c715e47d021d02d69eba'
[    3.303767] zswap: loaded using pool lzo/zbud
[    3.306385] Key type trusted registered
[    3.309965] Key type encrypted registered
[    3.309972] AppArmor: AppArmor sha1 policy hashing enabled
[    3.309977] ima: No TPM chip found, activating TPM-bypass!
[    3.309983] ima: Allocated hash algorithm: sha1
[    3.310007] evm: HMAC attrs: 0x1
[    3.310300]   Magic number: 10:325:704
[    3.310334]  cpu: hash matches
[    3.355228] rtc_cmos rtc_cmos: setting system clock to 2018-11-11 22:41:33 UTC (1541976093)
[    3.355422] BIOS EDD facility v0.16 2004-Jun-25, 0 devices found
[    3.355425] EDD information not available.
[    3.487207] Freeing unused kernel memory: 1528K
[    3.508547] Write protecting the kernel read-only data: 14336k
[    3.582647] Freeing unused kernel memory: 1664K
[    3.593368] Freeing unused kernel memory: 92K
Loading, please [    3.646552] random: systemd-udevd: uninitialized urandom read (16 bytes read, 3 bits of entropy available)
wait...
startin[    3.647379] random: udevadm: uninitialized urandom read (16 bytes read, 3 bits of entropy available)
g version 229
[    3.647414] random: udevadm: uninitialized urandom read (16 bytes read, 3 bits of entropy available)
[    3.665881] random: udevadm: uninitialized urandom read (16 bytes read, 3 bits of entropy available)
[    3.665940] random: udevadm: uninitialized urandom read (16 bytes read, 3 bits of entropy available)
[    3.666158] random: udevadm: uninitialized urandom read (16 bytes read, 3 bits of entropy available)
[    3.666248] random: udevadm: uninitialized urandom read (16 bytes read, 3 bits of entropy available)
[    3.666332] random: udevadm: uninitialized urandom read (16 bytes read, 3 bits of entropy available)
[    3.666419] random: udevadm: uninitialized urandom read (16 bytes read, 3 bits of entropy available)
[    3.666508] random: udevadm: uninitialized urandom read (16 bytes read, 3 bits of entropy available)
[    3.955093] Fusion MPT base driver 3.04.20
[    4.092500] Copyright (c) 1999-2008 LSI Corporation
[    4.221210] e1000: Intel(R) PRO/1000 Network Driver - version 7.3.21-k8-NAPI
[    4.227825] e1000: Copyright (c) 1999-2006 Intel Corporation.
[    4.275446] Fusion MPT SPI Host driver 3.04.20
[    4.451602] input: ImExPS/2 Generic Explorer Mouse as /devices/platform/i8042/serio1/input/input4
[    4.626296] e1000 0000:00:03.0 eth0: (PCI:33MHz:32-bit) 02:0d:56:55:5e:8a
[    4.641192] e1000 0000:00:03.0 eth0: Intel(R) PRO/1000 Network Connection
[    4.646761] e1000 0000:00:03.0 enp0s3: renamed from eth0
[    4.657035] mptbase: ioc0: Initiating bringup
[    4.733210] ioc0: LSI53C1030 A0: Capabilities={Initiator}
[    4.914909] scsi host2: ioc0: LSI53C1030 A0, FwRev=00000000h, Ports=1, MaxQ=256, IRQ=20
[    5.033066] scsi 2:0:0:0: Direct-Access     VBOX     HARDDISK         1.0  PQ: 0 ANSI: 5
[    5.048832] scsi target2:0:0: Beginning Domain Validation
[    5.055270] scsi target2:0:0: Domain Validation skipping write tests
[    5.063759] scsi target2:0:0: Ending Domain Validation
[    5.064906] scsi target2:0:0: asynchronous
[    5.067593] scsi 2:0:1:0: Direct-Access     VBOX     HARDDISK         1.0  PQ: 0 ANSI: 5
[    5.072376] scsi target2:0:1: Beginning Domain Validation
[    5.076441] scsi target2:0:1: Domain Validation skipping write tests
[    5.079665] scsi target2:0:1: Ending Domain Validation
[    5.080949] scsi target2:0:1: asynchronous
[    5.090385] sd 2:0:0:0: [sda] 20971520 512-byte logical blocks: (10.7 GB/10.0 GiB)
[    5.103603] sd 2:0:0:0: Attached scsi generic sg0 type 0
[    5.104242] sd 2:0:0:0: [sda] Write Protect is off
[    5.104377] sd 2:0:0:0: [sda] Incomplete mode parameter data
[    5.104382] sd 2:0:0:0: [sda] Assuming drive cache: write through
[    5.114510] sd 2:0:1:0: Attached scsi generic sg1 type 0
[    5.114697] sd 2:0:1:0: [sdb] 20480 512-byte logical blocks: (10.5 MB/10.0 MiB)
[    5.114934] sd 2:0:1:0: [sdb] Write Protect is off
[    5.115080] sd 2:0:1:0: [sdb] Incomplete mode parameter data
[    5.115085] sd 2:0:1:0: [sdb] Assuming drive cache: write through
[    5.143504]  sda: sda1
[    5.286367] sd 2:0:1:0: [sdb] Attached SCSI disk
[    5.287064] sd 2:0:0:0: [sda] Attached SCSI disk
Begin: Loading e[    6.842345] md: linear personality registered for level -1
ssential drivers[    6.915932] md: multipath personality registered for level -4
 ... [    6.921825] md: raid0 personality registered for level 0
[    6.944503] md: raid1 personality registered for level 1
[    7.024034] raid6: sse2x1   gen()  9531 MB/s
[    7.104034] raid6: sse2x1   xor()  7710 MB/s
[    7.220039] raid6: sse2x2   gen() 12114 MB/s
[    7.300034] raid6: sse2x2   xor()  8444 MB/s
[    7.404031] raid6: sse2x4   gen() 13405 MB/s
[    7.520035] raid6: sse2x4   xor()  9978 MB/s
[    7.539141] raid6: using algorithm sse2x4 gen() 13405 MB/s
[    7.554180] raid6: .... xor() 9978 MB/s, rmw enabled
[    7.555046] raid6: using ssse3x2 recovery algorithm
[    7.557205] xor: measuring software checksum speed
[    7.648033]    prefetch64-sse: 17036.000 MB/sec
[    7.696028]    generic_sse: 16911.000 MB/sec
[    7.701004] xor: using function: prefetch64-sse (17036.000 MB/sec)
[    7.703535] async_tx: api initialized (async)
[    7.714756] md: raid6 personality registered for level 6
[    7.762859] md: raid5 personality registered for level 5
[    7.763837] md: raid4 personality registered for level 4
[    7.773231] md: raid10 personality registered for level 10
done.
Begin: Running /scripts/init-premount ... done.
Begin: Mounting root file system ... Begin: Running /scripts/local-top ... done.
Begin: Running /scripts/local-premount ... [    7.811670] Btrfs loaded
Scanning for Btrfs filesystems
done.
Warning: fsck no[    7.849364] EXT4-fs (sda1): INFO: recovery required on readonly filesystem
t present, so sk[    7.868846] EXT4-fs (sda1): write access will be enabled during recovery
ipping root file system
[    8.007042] EXT4-fs (sda1): orphan cleanup on readonly fs
[    8.099538] EXT4-fs (sda1): 5 orphan inodes deleted
[    8.128280] EXT4-fs (sda1): recovery complete
[    8.153390] EXT4-fs (sda1): mounted filesystem with ordered data mode. Opts: (null)
done.
Begin: Running /scripts/local-bottom ... done.
Begin: Running /scripts/init-bottom ... done.
[    8.855870] random: nonblocking pool is initialized
[    8.985131] systemd[1]: systemd 229 running in system mode. (+PAM +AUDIT +SELINUX +IMA +APPARMOR +SMACK +SYSVINIT +UTMP +LIBCRYPTSETUP +GCRYPT +GNUTLS +ACL +XZ -LZ4 +SECCOMP +BLKID +ELFUTILS +KMOD -IDN)
[    9.004608] systemd[1]: Detected virtualization oracle.
[    9.026690] systemd[1]: Detected architecture x86-64.

Welcome to [1mUbuntu 16.04.5 LTS[0m!

[    9.069856] systemd[1]: Set hostname to <ubuntu-xenial>.
[   10.361169] systemd[1]: Created slice User and Session Slice.
[[0;32m  OK  [0m] Created slice User and Session Slice.
[   10.369817] systemd[1]: Started Trigger resolvconf update for networkd DNS.
[[0;32m  OK  [0m] Started Trigger resolvconf update for networkd DNS.
[   10.376266] systemd[1]: Listening on Device-mapper event daemon FIFOs.
[[0;32m  OK  [0m] Listening on Device-mapper event daemon FIFOs.
[  10.434]systmd[1]: Lstening n M2oldaonoct.
[[0;32m  OK  [0m] Listening on LVM2 poll daemon socket.
[   11.727489] systemd[1]: Reached target Swap.
[[0;32m  OK  [0m] Reached target Swap.
[   11.729488] systemd[1]: Reached target User and Group Name Lookups.
[[0;32m  OK  [0m] Reached target User and Group Name Lookups.
[   11.732396] systemd[1]: Started Forward Password Requests to Wall Directory Watch.
[[0;32m  OK  [0m] Started Forward Password Requests to Wall Directory Watch.
[   11.744112] systemd[1]: Reached target Encrypted Volumes.
[[0;32m  OK  [0m] Reached target Encrypted Volumes.
[   1177384]systmd]: Listenin oJonaSoet/dev/log).
[[0;32m  OK  [0m] Listening on Journal Socket (/dev/log).
[   12.746678] systemd[1]: Created slice System Slice.
[[0;32m  OK  [0m] Created slice System Slice.
[   12.7874] sstemd[1]: Crat sceysm-ri\xgett.slie.
[[0;32m  OK  [0m] Created slice system-serial\x2dgetty.slice.
[   13.928857] systemd[1]: Listening on /dev/initctl Compatibility Named Pipe.
[[0;32m  OK  [0m] Listening on /dev/initctl Compatibility Named Pipe.
[   13.931539] systemd[1]: Reached target Slices.
[[0;32m  OK  [0m] Reached target Slices.
[   13.933901] systemd[1]: Set up automount Arbitrary Executable File Formats File System Automount Point.
[[0;32m  OK  [0m] Set up automount Arbitrary Executab...ats File System Automount Point.
[   13.940740] systemd[1]: Listening on Syslog Socket.
[[0;32m  OK  [0m] Listening on Syslog Socket.
[   13.952305] systemd[1]: Listening on udev Control Socket.
[[0;32m  OK  [0m] Listening on udev Control Socket.
[   13.963605] systemd[1]: Listening on LVM2 metadata daemon socket.
[[0;32m  OK  [0m] Listening on LVM2 metadata daemon socket.
[   13.975289] systemd[1]: Listening on udev Kernel Socket.
[[0;32m  OK  [0m] Listening on udev Kernel Socket.
[   13.984312] systemd[1]: Listening on Journal Socket.
[[0;32m  OK  [0m] Listening on Journal Socket.
[   14.036473] systemd[1]: Starting Load Kernel Modules...
         Starting Load Kernel Modules...
[   14.057743] systemd[1]: Starting Monitoring of LVM2 mirrors, snapshots etc. using dmeventd or progress polling...
         Starting Monitoring of LVM2 mirrors... dmeventd or progress polling...
[   14.328418] systemd[1]: Starting Remount Root and Kernel File Systems...
         Starting Remount Root and Kernel File Systems...
[   14.343947] systemd[1]: Mounting Huge Pages File System...
         Mounting Huge Pages File System...
[   14.365400] systemd[1]: Starting Create list of required static device nodes for the current kernel...
         Starting Create list of required st... nodes for the current kernel...
[   14.382091] systemd[1]: Starting Uncomplicated firewall...
         Starting Uncomplicated firewall...
[   14.419143] Loading iSCSI transport class v2.0-870.
[   14.428281] systemd[1]: Starting Nameserver information manager...
         Starting Nameserver information manager...
[   14.492310] systemd[1]: Mounting Debug File System...
         Mounting Debug File System...
[   14.514425] systemd[1]: Starting Set console keymap...
         Starting Set console keymap...
[   4.4821 isc: regitere tnsrttc
[   15.468175] systemd[1]: Mounting POSIX Message Queue File System...
         Mounting POSIX Message Queue File System...
[   15.475913] systemd[1]: Listening on Journal Audit Socket.
[[0;32m  OK  [0m] Listening on Journal Audit Socket.
[   15.479173] systemd[1]: Starting Journal Service...
         Starting Journal Service...
[   15.485073] systemd[1]: Started Create list of required static device nodes for the current kernel.
[[0;32m  OK  [0m] Started Create list of required sta...ce nodes for the current kernel.
[   15.494335] systemd[1]: Started Uncomplicated firewall.
[[0;32m  OK  [0m] Started Uncomplicated firewall.
[   15.540434] systemd[1]: Starting Create Static Device Nodes in /dev...
         Starting Create Static Device Nodes in /dev...
[   15.617595] systemd[1]: Mounted Huge Pages File System.
[   15.619939] EXT4-fs (sda1): re-mounted. Opts: (null)
[[0;32m  OK  [0m] Mounted Huge Pages File System.
[   15.630941] systemd[1]: Mounted POSIX Message Queue File System.
[[0;32m  OK  [0m] Mounted POSIX Message Queue File System.
[   15.693603] systemd[1]: Mounted Debug File System.
[[0;32m  OK  [0m] Mounted Debug File System.
[   15.697455] systemd[1]: Started Remount Root and Kernel File Systems.
[[0;32m  OK  [0m] Started Remount Root and Kernel File Systems.
[   15.768446] systemd[1]: Starting udev Coldplug all Devices...
         Starting udev Coldplug all Devices...
[   15.844240] systemd[1]: Starting Load/Save Random Seed...
         Starting Load/Save Random Seed...
[   15.989958] iscsi: registered transport (iser)
[   16.052755] systemd[1]: Started Nameserver information manager.
[[0;32m  OK  [0m] Started Nameserver information manager.
[   16.059577] systemd[1]: Started Load Kernel Modules.
[[0;32m  OK  [0m] Started Load Kernel Modules.
[   16.063901] systemd[1]: Started Set console keymap.
[[0;32m  OK  [0m] Started Set console keymap.
[   16.092796] systemd[1]: Started Load/Save Random Seed.
[[0;32m  OK  [0m] Started Load/Save Random Seed.
[   16.160533] systemd[1]: Started LVM2 metadata daemon.
[[0;32m  OK  [0m] Started LVM2 metadata daemon.
[   16.169558] systemd[1]: Starting Apply Kernel Variables...
         Starting Apply Kernel Variables...
[   16.189210] systemd[1]: Mounting FUSE Control File System...
         Mounting FUSE Control File System...
[   16.217547] systemd[1]: Mounted FUSE Control File System.
[[0;32m  OK  [0m] Mounted FUSE Control File System.
[   16.232276] systemd[1]: Started Journal Service.
[[0;32m  OK  [0m] Started Journal Service.
[[0;32m  OK  [0m] Started udev Coldplug all Devices.
         Starting Flush Journal to Persistent Storage...
[   16.436114] systemd-journald[390]: Received request to flush runtime journal from PID 1
[[0;32m  OK  [0m] Started Flush Journal to Persistent Storage.
[[0;32m  OK  [0m] Started Apply Kernel Variables.
[[0;32m  OK  [0m] Started Create Static Device Nodes in /dev.
         Starting udev Kernel Device Manager...
[[0;32m  OK  [0m] Started Monitoring of LVM2 mirrors,...ng dmeventd or progress polling.
[[0;32m  OK  [0m] Reached target Local File Systems (Pre).
[[0;32m  OK  [0m] Reached target Local File Systems.
         Starting LSB: AppArmor initialization...
         Starting Create Volatile Files and Directories...
         Starting Initial cloud-init job (pre-networking)...
         Starting Set console font and keymap...
         Starting Tell Plymouth To Write Out Runtime Data...
[[0;32m  OK  [0m] Started Tell Plymouth To Write Out Runtime Data.
[[0;32m  OK  [0m] Started Create Volatile Files and Directories.
[[0;32m  OK  [0m] Reached target System Time Synchronized.
         Starting Update UTMP about System Boot/Shutdown...
[[0;32m  OK  [0m] Started Update UTMP about System Boot/Shutdown.
[[0;32m  OK  [0m] Started udev Kernel Device Manager.
[[0;32m  OK  [0m] Started Set console font and keymap.
[[0;32m  OK  [0m] Created slice system-getty.slice.
[[0;32m  OK  [0m] Started Dispatch Password Requests to Console Directory Watch.
[[0;32m  OK  [0m] Found device /dev/ttyS0.
[[0;32m  OK  [0m] Listening on Load/Save RF Kill Switch Status /dev/rfkill Watch.
[[0;32m  OK  [0m] Found device 82540EM Gigabit Ethern...r (PRO/1000 MT Desktop Adapter).
[[0;32m  OK  [0m] Started LSB: AppArmor initialization.
[   24.124440] cloud-init[467]: Cloud-init v. 18.4-0ubuntu1~16.04.2 running 'init-local' at Sun, 11 Nov 2018 22:41:53 +0000. Up 23.45 seconds.
[[0;32m  OK  [0m] Started Initial cloud-init job (pre-networking).
[[0;32m  OK  [0m] Reached target Network (Pre).
         Starting Raise network interfaces...
[[0;32m  OK  [0m] Started ifup for enp0s3.
[[0;32m  OK  [0m] Started Raise network interfaces.
         Starting Initial cloud-init job (metadata service crawler)...
[[0;32m  OK  [0m] Reached target Network.
[   25.562716] cloud-init[957]: Cloud-init v. 18.4-0ubuntu1~16.04.2 running 'init' at Sun, 11 Nov 2018 22:41:55 +0000. Up 24.92 seconds.
[   25.634536] [cloud-init[0;32m  OK  [0m[957]: ] ci-info: +++++++++++++++++++++++++++++++++++++Net device info++++++++++++++++++++++++++++++++++++++Started Initial cloud-init job (metadata service crawler).

[   25.634957] cloud-init[957]: ci-info: +--------+------+---------------------------+---------------+--------+-------------------+
[   25.679556] cloud-init[957]: ci-info: | Device |  Up  |          Address          |      Mask     | Scope  |     Hw-Address    |
[   25.679959] cloud-init[957]: ci-info: +--------+------+---------------------------+---------------+--------+-------------------+
[   25.680361] cloud-init[957]: ci-info: | enp0s3 | True |         10.0.2.15         | 255.255.255.0 | global | 02:0d:56:55:5e:8a |
[   25.680774] cloud-init[957]: ci-info: | enp0s3 | True | fe80::d:56ff:fe55:5e8a/64 |       .       |  link  | 02:0d:56:55:5e:8a |
[   25.681181] cloud-init[957]: ci-info: |   lo   | True |         127.0.0.1         |   255.0.0.0   |  host  |         .         |
[   25.681562] cloud-init[957]: ci-info: |   lo   | True |          ::1/128          |       .       |  host  |         .         |
[   25.681971] cloud-init[957]: ci-info: +--------+------+---------------------------+---------------+--------+-------------------+
[   25.682379] cloud-init[957]: ci-info: +++++++++++++++++++++++++++Route IPv4 info++++++++++++++++++++++++++++
[   25.682789] cloud-init[957]: ci-info: +-------+-------------+----------+---------------+-----------+-------+
[   25.683192] cloud-init[957]: ci-info: | Route | Destination | Gateway  |    Genmask    | Interface | Flags |
[   25.683599] cloud-init[957]: ci-info: +-------+-------------+----------+---------------+-----------+-------+
[   25.684062] cloud-init[957]: ci-info: |   0   |   0.0.0.0   | 10.0.2.2 |    0.0.0.0    |   enp0s3  |   UG  |
[   25.684216] cloud-init[957]: ci-info: |   1   |   10.0.2.0  | 0.0.0.0  | 255.255.255.0 |   enp0s3  |   U   |
[   25.684413] cloud-init[957]: ci-info: +-------+-------------+----------+---------------+-----------+-------+
[   25.685011] cloud-init[957]: ci-info: +++++++++++++++++++Route IPv6 info+++++++++++++++++++
[[0;32m  OK  [0m] Reached target Network is Online.
[   25.685220] cloud-init[957]: ci-info: +-------+-------------+---------+-----------+-------+
[   25.765081] cloud-init[957]: ci-info: | Route | Destination | Gateway | Interface | Flags |
[   25.765414] cloud-init[957]: ci-info: +-------+-------------+---------+-----------+-------+
         Starting iSCSI initiator daemon (iscsid)...
[   25.765617] cloud-init[957]: ci-info: |   0   |  fe80::/64  |    ::   |   enp0s3  |   U   |
[   25.770066] cloud-init[957]: ci-info: |   3   |   ff00::/8  |    ::   |   enp0s3  |   U   |
[[0;32m  OK  [0m] Reached target Cloud-config availability.
[   25.770202] cloud-init[957]: ci-info: +-------+-------------+---------+-----------+-------+
[[0;32m  OK  [0m] Reached target System Initialization.
[[0;32m  OK  [0m] Started ACPI Events Check.
[[0;32m  OK  [0m] Reached target Paths.
[[0;32m  OK  [0m] Listening on D-Bus System Message Bus Socket.
[[0;32m  OK  [0m] Listening on UUID daemon activation socket.
         Starting LXD - unix socket.
[[0;32m  OK  [0m] Started Daily Cleanup of Temporary Directories.
[[0;32m  OK  [0m] Started Daily apt download activities.
[[0;32m  OK  [0m] Started Daily apt upgrade and clean activities.
[[0;32m  OK  [0m] Reached target Timers.
         Starting Socket activation for snappy daemon.
[[0;32m  OK  [0m] Listening on ACPID Listen Socket.
[[0;32m  OK  [0m] Listening on LXD - unix socket.
[[0;32m  OK  [0m] Listening on Socket activation for snappy daemon.
[[0;32m  OK  [0m] Reached target Sockets.
[[0;32m  OK  [0m] Reached target Basic System.
[[0;32m  OK  [0m] Started ACPI event daemon.
[[0;32m  OK  [0m] Started D-Bus System Message Bus.
[[0;32m  OK  [0m] Started FUSE filesystem for LXC.
         Starting LSB: Record successful boot for GRUB...
         Starting Snappy daemon...
[[0;32m  OK  [0m] Started Unattended Upgrades Shutdown.
[[0;32m  OK  [0m] Started Regular background program processing daemon.
         Starting LSB: MD monitoring daemon...
         Starting System Logging Service...
         Starting LXD - container startup/shutdown...
         Starting MySQL Community Server...
         Starting OpenBSD Secure Shell server...
         Starting /etc/rc.local Compatibility...
         Starting LSB: VirtualBox Linux Additions kernel modules...
[[0;32m  OK  [0m] Started Deferred execution scheduler.
         Starting Login Service...
         Starting Accounts Service...
[[0;32m  OK  [0m] Started iSCSI initiator daemon (iscsid).
[[0;32m  OK  [0m] Started /etc/rc.local Compatibility.
         Starting Login to default iSCSI targets...
[[0;32m  OK  [0m] Started Login to default iSCSI targets.
[[0;32m  OK  [0m] Reached target Remote File Systems (Pre).
[[0;32m  OK  [0m] Reached target Remote File Systems.
         Starting LSB: daemon to balance interrupts for SMP systems...
         Starting LSB: automatic crash report generation...
         Starting Permit User Sessions...
         Starting LSB: Set the CPU Frequency Scaling governor to "ondemand"...
[[0;32m  OK  [0m] Started LSB: Record successful boot for GRUB.
[[0;32m  OK  [0m] Started LSB: VirtualBox Linux Additions kernel modules.
[[0;32m  OK  [0m] Started Permit User Sessions.
[[0;32m  OK  [0m] Started Login Service.
         Starting Terminate Plymouth Boot Screen...
         Starting Hold until boot process finishes up...
         Starting LSB: VirtualBox Additions service...
[[0;32m  OK  [0m] Started LSB: Set the CPU Frequency Scaling governor to "ondemand".
[[0;32m  OK  [0m] Started Terminate Plymouth Boot Screen.
[[0;32m  OK  [0m] Started Hold until boot process finishes up.
[[0;32m  OK  [0m] Started Serial Getty on ttyS0.
[[0;32m  OK  [0m] Started Getty on tty1.
[[0;32m  OK  [0m] Reached target Login Prompts.
         Starting Set console scheme...
[[0;32m  OK  [0m] Started Set console scheme.
[[0;32m  OK  [0m] Started LSB: automatic crash report generation.
[[0;32m  OK  [0m] Started LSB: MD monitoring daemon.
[[0;32m  OK  [0m] Started System Logging Service.
[[0;32m  OK  [0m] Started LSB: daemon to balance interrupts for SMP systems.
[[0;32m  OK  [0m] Started LSB: VirtualBox Additions service.
[[0;32m  OK  [0m] Started OpenBSD Secure Shell server.
         Starting Authenticate and Authorize Users to Run Privileged Tasks...
[[0;32m  OK  [0m] Started Authenticate and Authorize Users to Run Privileged Tasks.
[[0;32m  OK  [0m] Started Accounts Service.
[[0;32m  OK  [0m] Created slice User Slice of vagrant.
         Starting User Manager for UID 1000...
[[0;32m  OK  [0m] Started Session 1 of user vagrant.
[[0;32m  OK  [0m] Started User Manager for UID 1000.

Ubuntu 16.04.5 LTS ubuntu-xenial ttyS0

ubuntu-xenial login: [   34.228157] cloud-init[1269]: Cloud-init v. 18.4-0ubuntu1~16.04.2 running 'modules:config' at Sun, 11 Nov 2018 22:42:03 +0000. Up 33.74 seconds.
[   38.312601] cloud-init[1851]: Cloud-init v. 18.4-0ubuntu1~16.04.2 running 'modules:final' at Sun, 11 Nov 2018 22:42:08 +0000. Up 38.17 seconds.
[   38.313337] cloud-init[1851]: Cloud-init v. 18.4-0ubuntu1~16.04.2 finished at Sun, 11 Nov 2018 22:42:08 +0000. Datasource DataSourceNoCloud [seed=/dev/sdb][dsmode=net].  Up 38.30 seconds
